<?xml version="1.0" encoding="UTF-8"?>
<testng-results ignored="0" total="3" passed="3" failed="0" skipped="0">
  <reporter-output>
  </reporter-output>
  <suite started-at="2024-01-11T10:47:01 IST" name="Default suite" finished-at="2024-01-11T10:47:16 IST" duration-ms="14609">
    <groups>
    </groups>
    <test started-at="2024-01-11T10:47:01 IST" name="Default test" finished-at="2024-01-11T10:47:16 IST" duration-ms="14609">
      <class name="LoginTests.ValidCredentialsLoginTest">
        <test-method is-config="true" signature="beforeTest()[pri:0, instance:LoginTests.ValidCredentialsLoginTest@6c1a5b54]" started-at="2024-01-11T10:47:01 IST" name="beforeTest" finished-at="2024-01-11T10:47:10 IST" duration-ms="9138" status="PASS">
          <reporter-output>
          </reporter-output>
        </test-method> <!-- beforeTest -->
        <test-method signature="verifyBStackDemoAddToCart()[pri:0, instance:LoginTests.ValidCredentialsLoginTest@6c1a5b54]" started-at="2024-01-11T10:47:10 IST" name="verifyBStackDemoAddToCart" finished-at="2024-01-11T10:47:14 IST" duration-ms="4141" status="PASS">
          <reporter-output>
          </reporter-output>
        </test-method> <!-- verifyBStackDemoAddToCart -->
        <test-method signature="verifyBStackDemoLogo()[pri:0, instance:LoginTests.ValidCredentialsLoginTest@6c1a5b54]" started-at="2024-01-11T10:47:14 IST" name="verifyBStackDemoLogo" finished-at="2024-01-11T10:47:15 IST" duration-ms="568" status="PASS">
          <reporter-output>
          </reporter-output>
        </test-method> <!-- verifyBStackDemoLogo -->
        <test-method signature="verifyBStackDemoTitle()[pri:0, instance:LoginTests.ValidCredentialsLoginTest@6c1a5b54]" started-at="2024-01-11T10:47:15 IST" name="verifyBStackDemoTitle" finished-at="2024-01-11T10:47:16 IST" duration-ms="460" status="PASS">
          <reporter-output>
          </reporter-output>
        </test-method> <!-- verifyBStackDemoTitle -->
        <test-method is-config="true" signature="afterMethod()[pri:0, instance:LoginTests.ValidCredentialsLoginTest@6c1a5b54]" started-at="2024-01-11T10:47:16 IST" name="afterMethod" finished-at="2024-01-11T10:47:16 IST" duration-ms="252" status="PASS">
          <reporter-output>
          </reporter-output>
        </test-method> <!-- afterMethod -->
      </class> <!-- LoginTests.ValidCredentialsLoginTest -->
    </test> <!-- Default test -->
  </suite> <!-- Default suite -->
</testng-results>
