<?xml version="1.0" encoding="UTF-8"?>
<!-- Generated by org.testng.reporters.JUnitXMLReporter -->
<testsuite ignored="0" hostname="LAPTOP-AB4DQV5L" failures="0" tests="3" name="Default test" time="14.609" errors="0" timestamp="2024-01-11T10:47:16 IST">
  <testcase classname="LoginTests.ValidCredentialsLoginTest" name="verifyBStackDemoAddToCart" time="4.141"/>
  <testcase classname="LoginTests.ValidCredentialsLoginTest" name="verifyBStackDemoLogo" time="0.568"/>
  <testcase classname="LoginTests.ValidCredentialsLoginTest" name="verifyBStackDemoTitle" time="0.46"/>
</testsuite> <!-- Default test -->
